<?xml version="1.0" encoding="UTF-8"?>
<!-- Generated by org.testng.reporters.JUnitXMLReporter -->
<testsuite ignored="0" hostname="DESKTOP-U57OPRT" failures="0" tests="4" name="Default test" time="15.045" errors="0" timestamp="2023-07-13T18:52:01 IST">
  <testcase classname="api.test.Store_Test" name="TestPostOrder" time="9.595"/>
  <testcase classname="api.test.Store_Test" name="TestGetOrder" time="1.794"/>
  <testcase classname="api.test.Store_Test" name="TestDeleteOrder" time="1.604"/>
  <testcase classname="api.test.Store_Test" name="TestGetInventory" time="1.513"/>
</testsuite> <!-- Default test -->
