<?xml version="1.0" encoding="UTF-8"?>
<!-- Generated by org.testng.reporters.JUnitXMLReporter -->
<testsuite ignored="0" hostname="DESKTOP-U57OPRT" failures="0" tests="6" name="Default test" time="37.207" errors="0" timestamp="2023-07-12T16:06:54 IST">
  <testcase classname="api.test.Data_driven_User_Test" name="Test_Post_user" time="15.513"/>
  <testcase classname="api.test.Data_driven_User_Test" name="Test_Post_user" time="1.769"/>
  <testcase classname="api.test.Data_driven_User_Test" name="Test_Post_user" time="1.746"/>
  <testcase classname="api.test.Data_driven_User_Test" name="Test_Delete_user" time="2.462"/>
  <testcase classname="api.test.Data_driven_User_Test" name="Test_Delete_user" time="1.997"/>
  <testcase classname="api.test.Data_driven_User_Test" name="Test_Delete_user" time="1.729"/>
</testsuite> <!-- Default test -->
