<?xml version="1.0" encoding="UTF-8"?>
<!-- Generated by org.testng.reporters.JUnitXMLReporter -->
<testsuite ignored="0" hostname="DESKTOP-U57OPRT" failures="0" tests="4" name="Test" time="36.258" errors="0" timestamp="2023-07-13T11:45:30 IST">
  <testcase classname="api.test.User_Test2" name="TestPostUser" time="19.204"/>
  <testcase classname="api.test.User_Test2" name="TestGetUser" time="3.141"/>
  <testcase classname="api.test.User_Test2" name="TestUpdateUser" time="4.283"/>
  <testcase classname="api.test.User_Test2" name="TestDeleteUser" time="2.952"/>
</testsuite> <!-- Test -->
