<?xml version="1.0" encoding="UTF-8"?>
<testng-results ignored="0" total="4" passed="4" failed="0" skipped="0">
  <reporter-output>
  </reporter-output>
  <suite started-at="2023-07-12T19:07:34 IST" name="User_Module_Suite" finished-at="2023-07-12T19:08:07 IST" duration-ms="32722">
    <groups>
    </groups>
    <test started-at="2023-07-12T19:07:34 IST" name="Test" finished-at="2023-07-12T19:08:07 IST" duration-ms="32722">
      <class name="api.test.User_Test2">
        <test-method is-config="true" signature="setup()[pri:0, instance:api.test.User_Test2@7b36aa0c]" started-at="2023-07-12T19:07:36 IST" name="setup" finished-at="2023-07-12T19:07:42 IST" duration-ms="6134" status="PASS">
          <reporter-output>
          </reporter-output>
        </test-method> <!-- setup -->
        <test-method signature="TestPostUser()[pri:1, instance:api.test.User_Test2@7b36aa0c]" started-at="2023-07-12T19:07:43 IST" name="TestPostUser" finished-at="2023-07-12T19:07:58 IST" duration-ms="15361" status="PASS">
          <reporter-output>
          </reporter-output>
        </test-method> <!-- TestPostUser -->
        <test-method signature="TestGetUser()[pri:2, instance:api.test.User_Test2@7b36aa0c]" started-at="2023-07-12T19:07:58 IST" name="TestGetUser" finished-at="2023-07-12T19:08:01 IST" duration-ms="2672" status="PASS">
          <reporter-output>
          </reporter-output>
        </test-method> <!-- TestGetUser -->
        <test-method signature="TestUpdateUser()[pri:3, instance:api.test.User_Test2@7b36aa0c]" started-at="2023-07-12T19:08:01 IST" name="TestUpdateUser" finished-at="2023-07-12T19:08:04 IST" duration-ms="3659" status="PASS">
          <reporter-output>
          </reporter-output>
        </test-method> <!-- TestUpdateUser -->
        <test-method signature="TestDeleteUser()[pri:4, instance:api.test.User_Test2@7b36aa0c]" started-at="2023-07-12T19:08:04 IST" name="TestDeleteUser" finished-at="2023-07-12T19:08:07 IST" duration-ms="2140" status="PASS">
          <reporter-output>
          </reporter-output>
        </test-method> <!-- TestDeleteUser -->
      </class> <!-- api.test.User_Test2 -->
    </test> <!-- Test -->
  </suite> <!-- User_Module_Suite -->
</testng-results>
