<?xml version="1.0" encoding="UTF-8"?>
<!-- Generated by org.testng.reporters.JUnitXMLReporter -->
<testsuite ignored="0" hostname="DESKTOP-U57OPRT" failures="0" tests="18" name="Test" time="50.032" errors="0" timestamp="2023-07-14T13:40:21 IST">
  <testcase classname="api.test.Store_Test" name="TestPostOrder" time="9.17"/>
  <testcase classname="api.test.Store_Test" name="TestGetOrder" time="1.709"/>
  <testcase classname="api.test.Store_Test" name="TestDeleteOrder" time="1.923"/>
  <testcase classname="api.test.Store_Test" name="TestGetInventory" time="1.581"/>
  <testcase classname="api.test.Data_driven_User_Test" name="Test_Post_user" time="1.615"/>
  <testcase classname="api.test.Data_driven_User_Test" name="Test_Post_user" time="1.639"/>
  <testcase classname="api.test.Data_driven_User_Test" name="Test_Post_user" time="1.613"/>
  <testcase classname="api.test.Data_driven_User_Test" name="Test_Delete_user" time="1.622"/>
  <testcase classname="api.test.Data_driven_User_Test" name="Test_Delete_user" time="1.53"/>
  <testcase classname="api.test.Data_driven_User_Test" name="Test_Delete_user" time="1.552"/>
  <testcase classname="api.test.User_Test2" name="TestPostUser" time="1.783"/>
  <testcase classname="api.test.User_Test2" name="TestGetUser" time="1.516"/>
  <testcase classname="api.test.User_Test2" name="TestUpdateUser" time="3.177"/>
  <testcase classname="api.test.User_Test2" name="TestDeleteUser" time="1.543"/>
  <testcase classname="api.test.User_Test" name="TestPostUser" time="1.507"/>
  <testcase classname="api.test.User_Test" name="TestGetUser" time="1.676"/>
  <testcase classname="api.test.User_Test" name="TestUpdateUser" time="3.13"/>
  <testcase classname="api.test.User_Test" name="TestDeleteUser" time="1.51"/>
</testsuite> <!-- Test -->
