<?xml version="1.0" encoding="UTF-8"?>
<!-- Generated by org.testng.reporters.JUnitXMLReporter -->
<testsuite ignored="0" hostname="DESKTOP-U57OPRT" failures="0" tests="4" name="Test" time="32.722" errors="0" timestamp="2023-07-12T19:08:09 IST">
  <testcase classname="api.test.User_Test2" name="TestPostUser" time="15.361"/>
  <testcase classname="api.test.User_Test2" name="TestGetUser" time="2.672"/>
  <testcase classname="api.test.User_Test2" name="TestUpdateUser" time="3.659"/>
  <testcase classname="api.test.User_Test2" name="TestDeleteUser" time="2.14"/>
</testsuite> <!-- Test -->
